[debug] [2024-12-12T16:11:43.388Z] ----------------------------------------------------------------------
[debug] [2024-12-12T16:11:43.394Z] Command:       C:\Program Files\nodejs\node.exe C:\Users\Masuelle Mahasele\AppData\Roaming\npm\node_modules\firebase-tools\lib\bin\firebase.js init hosting
[debug] [2024-12-12T16:11:43.395Z] CLI Version:   13.28.0
[debug] [2024-12-12T16:11:43.395Z] Platform:      win32
[debug] [2024-12-12T16:11:43.396Z] Node Version:  v20.11.0
[debug] [2024-12-12T16:11:43.396Z] Time:          Thu Dec 12 2024 18:11:43 GMT+0200 (South Africa Standard Time)
[debug] [2024-12-12T16:11:43.396Z] ----------------------------------------------------------------------
[debug] 
[debug] [2024-12-12T16:11:43.567Z] > command requires scopes: ["email","openid","https://www.googleapis.com/auth/cloudplatformprojects.readonly","https://www.googleapis.com/auth/firebase","https://www.googleapis.com/auth/cloud-platform"]
[debug] [2024-12-12T16:11:43.569Z] > authorizing via signed-in user (matelamoshate@gmail.com)
[info] 
     ######## #### ########  ######## ########     ###     ######  ########
     ##        ##  ##     ## ##       ##     ##  ##   ##  ##       ##
     ######    ##  ########  ######   ########  #########  ######  ######
     ##        ##  ##    ##  ##       ##     ## ##     ##       ## ##
     ##       #### ##     ## ######## ########  ##     ##  ######  ########

You're about to initialize a Firebase project in this directory:

  C:\Users\Masuelle Mahasele

Before we get started, keep in mind:

  * You are initializing within an existing Firebase project directory

[debug] [2024-12-12T16:18:31.754Z] ----------------------------------------------------------------------
[debug] [2024-12-12T16:18:31.760Z] Command:       C:\Program Files\nodejs\node.exe C:\Users\Masuelle Mahasele\AppData\Roaming\npm\node_modules\firebase-tools\lib\bin\firebase.js init
[debug] [2024-12-12T16:18:31.761Z] CLI Version:   13.28.0
[debug] [2024-12-12T16:18:31.761Z] Platform:      win32
[debug] [2024-12-12T16:18:31.761Z] Node Version:  v20.11.0
[debug] [2024-12-12T16:18:31.761Z] Time:          Thu Dec 12 2024 18:18:31 GMT+0200 (South Africa Standard Time)
[debug] [2024-12-12T16:18:31.762Z] ----------------------------------------------------------------------
[debug] 
[debug] [2024-12-12T16:18:31.776Z] > command requires scopes: ["email","openid","https://www.googleapis.com/auth/cloudplatformprojects.readonly","https://www.googleapis.com/auth/firebase","https://www.googleapis.com/auth/cloud-platform"]
[debug] [2024-12-12T16:18:31.777Z] > authorizing via signed-in user (matelamoshate@gmail.com)
[info] 
     ######## #### ########  ######## ########     ###     ######  ########
     ##        ##  ##     ## ##       ##     ##  ##   ##  ##       ##
     ######    ##  ########  ######   ########  #########  ######  ######
     ##        ##  ##    ##  ##       ##     ## ##     ##       ## ##
     ##       #### ##     ## ######## ########  ##     ##  ######  ########

You're about to initialize a Firebase project in this directory:

  C:\Users\Masuelle Mahasele\matela\frontend\wings-cafe-inventory

[info] 
=== Project Setup
[info] 
[info] First, let's associate this project directory with a Firebase project.
[info] You can create multiple project aliases by running firebase use --add, 
[info] but for now we'll just set up a default project.
[info] 
[debug] [2024-12-12T16:18:51.722Z] Using project from CLI flag: wingscafeapp
[debug] [2024-12-12T16:18:51.725Z] Checked if tokens are valid: false, expires at: 1734021035318
[debug] [2024-12-12T16:18:51.726Z] Checked if tokens are valid: false, expires at: 1734021035318
[debug] [2024-12-12T16:18:51.727Z] > refreshing access token with scopes: []
[debug] [2024-12-12T16:18:51.733Z] >>> [apiv2][query] POST https://www.googleapis.com/oauth2/v3/token [none]
[debug] [2024-12-12T16:18:51.734Z] >>> [apiv2][body] POST https://www.googleapis.com/oauth2/v3/token [omitted]
[debug] [2024-12-12T16:18:52.390Z] <<< [apiv2][status] POST https://www.googleapis.com/oauth2/v3/token 200
[debug] [2024-12-12T16:18:52.390Z] <<< [apiv2][body] POST https://www.googleapis.com/oauth2/v3/token [omitted]
[debug] [2024-12-12T16:18:52.565Z] >>> [apiv2][query] GET https://firebase.googleapis.com/v1beta1/projects/wingscafeapp [none]
[debug] [2024-12-12T16:18:53.218Z] <<< [apiv2][status] GET https://firebase.googleapis.com/v1beta1/projects/wingscafeapp 200
[debug] [2024-12-12T16:18:53.219Z] <<< [apiv2][body] GET https://firebase.googleapis.com/v1beta1/projects/wingscafeapp {"projectId":"wingscafeapp","projectNumber":"533774054335","displayName":"wingscafeapp","name":"projects/wingscafeapp","resources":{"hostingSite":"wingscafeapp","realtimeDatabaseInstance":"wingscafeapp-default-rtdb"},"state":"ACTIVE","etag":"1_346bda66-893b-45b4-b323-09b7dab1dfeb"}
[info] i  Using project wingscafeapp (wingscafeapp) 
[info] 
=== Hosting Setup
[debug] [2024-12-12T16:18:53.334Z] Checked if tokens are valid: true, expires at: 1734023931391
[debug] [2024-12-12T16:18:53.334Z] Checked if tokens are valid: true, expires at: 1734023931391
[debug] [2024-12-12T16:18:53.334Z] >>> [apiv2][query] GET https://firebase.googleapis.com/v1beta1/projects/wingscafeapp [none]
[debug] [2024-12-12T16:18:53.744Z] <<< [apiv2][status] GET https://firebase.googleapis.com/v1beta1/projects/wingscafeapp 200
[debug] [2024-12-12T16:18:53.744Z] <<< [apiv2][body] GET https://firebase.googleapis.com/v1beta1/projects/wingscafeapp {"projectId":"wingscafeapp","projectNumber":"533774054335","displayName":"wingscafeapp","name":"projects/wingscafeapp","resources":{"hostingSite":"wingscafeapp","realtimeDatabaseInstance":"wingscafeapp-default-rtdb"},"state":"ACTIVE","etag":"1_346bda66-893b-45b4-b323-09b7dab1dfeb"}
[info] 
[info] Your public directory is the folder (relative to your project directory) that
[info] will contain Hosting assets to be uploaded with firebase deploy. If you
[info] have a build process for your assets, use your build's output directory.
[info] 
[debug] [2024-12-12T16:20:17.231Z] >>> [apiv2][query] GET https://www.gstatic.com/firebasejs/releases.json [none]
[debug] [2024-12-12T16:20:17.538Z] <<< [apiv2][status] GET https://www.gstatic.com/firebasejs/releases.json 200
[debug] [2024-12-12T16:20:17.539Z] <<< [apiv2][body] GET https://www.gstatic.com/firebasejs/releases.json {"current":{"version":"11.1.0","browserURL":"https://www.gstatic.com/firebasejs/11.1.0/firebase.js","packageURL":"https://www.gstatic.com/firebasejs/11.1.0/firebase.tgz"},"live":{"version":"11.1","browserURL":"https://www.gstatic.com/firebasejs/live/11.1/firebase.js","packageURL":"https://www.gstatic.com/firebasejs/live/11.1/firebase.tgz"},"components":{"analytics":"https://www.gstatic.com/firebasejs/11.1.0/firebase-analytics.js","app":"https://www.gstatic.com/firebasejs/11.1.0/firebase-app.js","app-check":"https://www.gstatic.com/firebasejs/11.1.0/firebase-app-check.js","auth":"https://www.gstatic.com/firebasejs/11.1.0/firebase-auth.js","auth/cordova":"https://www.gstatic.com/firebasejs/11.1.0/firebase-auth/cordova.js","auth/web-extension":"https://www.gstatic.com/firebasejs/11.1.0/firebase-auth/web-extension.js","functions":"https://www.gstatic.com/firebasejs/11.1.0/firebase-functions.js","firestore":"https://www.gstatic.com/firebasejs/11.1.0/firebase-firestore.js","firestore/lite":"https://www.gstatic.com/firebasejs/11.1.0/firebase-firestore/lite.js","installations":"https://www.gstatic.com/firebasejs/11.1.0/firebase-installations.js","storage":"https://www.gstatic.com/firebasejs/11.1.0/firebase-storage.js","performance":"https://www.gstatic.com/firebasejs/11.1.0/firebase-performance.js","remote-config":"https://www.gstatic.com/firebasejs/11.1.0/firebase-remote-config.js","messaging":"https://www.gstatic.com/firebasejs/11.1.0/firebase-messaging.js","messaging/sw":"https://www.gstatic.com/firebasejs/11.1.0/firebase-messaging/sw.js","database":"https://www.gstatic.com/firebasejs/11.1.0/firebase-database.js","vertexai":"https://www.gstatic.com/firebasejs/11.1.0/firebase-vertexai.js","data-connect":"https://www.gstatic.com/firebasejs/11.1.0/firebase-data-connect.js","firestore.memory":"https://www.gstatic.com/firebasejs/11.1.0/firebase-firestore.memory.js"}}
[info] i  Skipping write of build/index.html 
